<?xml version="1.0" encoding="UTF-8"?>
<testsuite xmlns:xsi="http://www.w3.org/2001/XMLSchema-instance" xsi:noNamespaceSchemaLocation="https://maven.apache.org/surefire/maven-surefire-plugin/xsd/surefire-test-report-3.0.xsd" version="3.0" name="com.epam.lab.beseda.service.ModelMapperTestSuite" time="0.616" tests="8" errors="0" skipped="0" failures="0">
  <properties>
[...]
</properties>
  <testcase name="testToDto_01" classname="com.epam.lab.beseda.service.modelmapper.AuthorMapperTest" time="0.035"/>
  <testcase name="testToEntity" classname="com.epam.lab.beseda.service.modelmapper.AuthorMapperTest" time="0.003"/>
  <testcase name="testToEntity" classname="com.epam.lab.beseda.service.modelmapper.EnumEntityMapperTest" time="0.002"/>
  <testcase name="testToDto" classname="com.epam.lab.beseda.service.modelmapper.EnumEntityMapperTest" time="0.001"/>
  <testcase name="testToEntity" classname="com.epam.lab.beseda.service.modelmapper.NewsMapperTest" time="0.02"/>
  <testcase name="testToDto" classname="com.epam.lab.beseda.service.modelmapper.NewsMapperTest" time="0.005"/>
  <testcase name="testToEntity" classname="com.epam.lab.beseda.service.modelmapper.UserMapperTest" time="0.005"/>
  <testcase name="testToDto" classname="com.epam.lab.beseda.service.modelmapper.UserMapperTest" time="0.003"/>
</testsuite>