<?xml version="1.0" encoding="UTF-8"?>
<testsuite xmlns:xsi="http://www.w3.org/2001/XMLSchema-instance" xsi:noNamespaceSchemaLocation="https://maven.apache.org/surefire/maven-surefire-plugin/xsd/surefire-test-report-3.0.xsd" version="3.0" name="com.epam.lab.beseda.dao.DAOTestSuite" time="28.337" tests="50" errors="0" skipped="0" failures="0">
  <properties>
[...]
</properties>
  <testcase name="testGetAuthorByNameSurname" classname="com.epam.lab.beseda.dao.entitydao.AuthorDAOTest" time="0.548"/>
  <testcase name="testGetEntityById_noSuchEntity" classname="com.epam.lab.beseda.dao.entitydao.AuthorDAOTest" time="0.373"/>
  <testcase name="testGetEntityById" classname="com.epam.lab.beseda.dao.entitydao.AuthorDAOTest" time="0.454"/>
  <testcase name="testAdd_01" classname="com.epam.lab.beseda.dao.entitydao.AuthorDAOTest" time="0.464"/>
  <testcase name="testAdd_02" classname="com.epam.lab.beseda.dao.entitydao.AuthorDAOTest" time="0.45"/>
  <testcase name="testDelete" classname="com.epam.lab.beseda.dao.entitydao.AuthorDAOTest" time="0.633"/>
  <testcase name="testGetNewsId" classname="com.epam.lab.beseda.dao.entitydao.AuthorDAOTest" time="0.285"/>
  <testcase name="testGetAll" classname="com.epam.lab.beseda.dao.entitydao.AuthorDAOTest" time="0.301"/>
  <testcase name="testUpdate" classname="com.epam.lab.beseda.dao.entitydao.AuthorDAOTest" time="0.655"/>
  <testcase name="testAdd" classname="com.epam.lab.beseda.dao.entitydao.NewsDAOTest" time="0.347"/>
  <testcase name="testAddNewsTag" classname="com.epam.lab.beseda.dao.entitydao.NewsDAOTest" time="0.57"/>
  <testcase name="testGetNewsByAuthor" classname="com.epam.lab.beseda.dao.entitydao.NewsDAOTest" time="0.317"/>
  <testcase name="testDeleteNewsTag" classname="com.epam.lab.beseda.dao.entitydao.NewsDAOTest" time="0.668"/>
  <testcase name="testAddAuthorId" classname="com.epam.lab.beseda.dao.entitydao.NewsDAOTest" time="0.539"/>
  <testcase name="testGetEntityById_noSuchEntity" classname="com.epam.lab.beseda.dao.entitydao.NewsDAOTest" time="0.347"/>
  <testcase name="testGetEntityById" classname="com.epam.lab.beseda.dao.entitydao.NewsDAOTest" time="0.386"/>
  <testcase name="testGetNewsTagsNames" classname="com.epam.lab.beseda.dao.entitydao.NewsDAOTest" time="0.601"/>
  <testcase name="testDelete" classname="com.epam.lab.beseda.dao.entitydao.NewsDAOTest" time="0.571"/>
  <testcase name="testGetNewsId" classname="com.epam.lab.beseda.dao.entitydao.NewsDAOTest" time="0.3"/>
  <testcase name="testGetAll" classname="com.epam.lab.beseda.dao.entitydao.NewsDAOTest" time="0.317"/>
  <testcase name="testUpdate" classname="com.epam.lab.beseda.dao.entitydao.NewsDAOTest" time="0.564"/>
  <testcase name="testGetNewsNumber" classname="com.epam.lab.beseda.dao.entitydao.NewsDAOTest" time="0.269"/>
  <testcase name="testSetGetRole" classname="com.epam.lab.beseda.dao.entitydao.UserDAOTest" time="0.439"/>
  <testcase name="getUserBylogin_noSuchUser" classname="com.epam.lab.beseda.dao.entitydao.UserDAOTest" time="0.263"/>
  <testcase name="getUserByLoginAndPassword_noSuchUser" classname="com.epam.lab.beseda.dao.entitydao.UserDAOTest" time="0.37"/>
  <testcase name="testAdd" classname="com.epam.lab.beseda.dao.entitydao.UserDAOTest" time="0.347"/>
  <testcase name="getUserBylogin" classname="com.epam.lab.beseda.dao.entitydao.UserDAOTest" time="0.37"/>
  <testcase name="testGetEntityById" classname="com.epam.lab.beseda.dao.entitydao.UserDAOTest" time="0.401"/>
  <testcase name="getUserByLoginAndPassword" classname="com.epam.lab.beseda.dao.entitydao.UserDAOTest" time="0.386"/>
  <testcase name="testDelete" classname="com.epam.lab.beseda.dao.entitydao.UserDAOTest" time="0.52"/>
  <testcase name="testGetAll" classname="com.epam.lab.beseda.dao.entitydao.UserDAOTest" time="0.337"/>
  <testcase name="testUpdate" classname="com.epam.lab.beseda.dao.entitydao.UserDAOTest" time="0.522"/>
  <testcase name="testGetEntityById_noSuchUser" classname="com.epam.lab.beseda.dao.entitydao.UserDAOTest" time="0.316"/>
  <testcase name="testGetEntityById_noSuchEntity" classname="com.epam.lab.beseda.dao.entitydao.RoleDAOTest" time="0.301"/>
  <testcase name="testGetEntityById" classname="com.epam.lab.beseda.dao.entitydao.RoleDAOTest" time="0.47"/>
  <testcase name="testGetEntityByName_noSuchName" classname="com.epam.lab.beseda.dao.entitydao.RoleDAOTest" time="0.533"/>
  <testcase name="testAdd_01" classname="com.epam.lab.beseda.dao.entitydao.RoleDAOTest" time="0.417"/>
  <testcase name="testAdd_02" classname="com.epam.lab.beseda.dao.entitydao.RoleDAOTest" time="0.532"/>
  <testcase name="testDelete" classname="com.epam.lab.beseda.dao.entitydao.RoleDAOTest" time="0.586"/>
  <testcase name="testGetAll" classname="com.epam.lab.beseda.dao.entitydao.RoleDAOTest" time="0.27"/>
  <testcase name="testGetEntityByName" classname="com.epam.lab.beseda.dao.entitydao.RoleDAOTest" time="0.563"/>
  <testcase name="testUpdate" classname="com.epam.lab.beseda.dao.entitydao.RoleDAOTest" time="0.64"/>
  <testcase name="testGetEntityById_noSuchEntity" classname="com.epam.lab.beseda.dao.entitydao.TagDAOTest" time="0.316"/>
  <testcase name="testGetEntityById" classname="com.epam.lab.beseda.dao.entitydao.TagDAOTest" time="0.432"/>
  <testcase name="testAdd_01" classname="com.epam.lab.beseda.dao.entitydao.TagDAOTest" time="0.502"/>
  <testcase name="testAdd_02" classname="com.epam.lab.beseda.dao.entitydao.TagDAOTest" time="0.401"/>
  <testcase name="testDelete" classname="com.epam.lab.beseda.dao.entitydao.TagDAOTest" time="0.655"/>
  <testcase name="testGetAll" classname="com.epam.lab.beseda.dao.entitydao.TagDAOTest" time="0.247"/>
  <testcase name="testGetEntityByName" classname="com.epam.lab.beseda.dao.entitydao.TagDAOTest" time="0.501"/>
  <testcase name="testUpdate" classname="com.epam.lab.beseda.dao.entitydao.TagDAOTest" time="0.618"/>
</testsuite>