<?xml version="1.0" encoding="UTF-8"?>
<testsuite xmlns:xsi="http://www.w3.org/2001/XMLSchema-instance" xsi:noNamespaceSchemaLocation="https://maven.apache.org/surefire/maven-surefire-plugin/xsd/surefire-test-report-3.0.xsd" version="3.0" name="com.epam.lab.beseda.dao.DAOTestSuite" time="35.798" tests="49" errors="0" skipped="0" failures="0">
  <properties>
[...]
</properties>
  <testcase name="testGetAuthorByNameSurname" classname="com.epam.lab.beseda.dao.entitydao.AuthorDAOTest" time="0.585"/>
  <testcase name="testGetEntityById_noSuchEntity" classname="com.epam.lab.beseda.dao.entitydao.AuthorDAOTest" time="0.394"/>
  <testcase name="testGetEntityById" classname="com.epam.lab.beseda.dao.entitydao.AuthorDAOTest" time="0.554"/>
  <testcase name="testAdd_01" classname="com.epam.lab.beseda.dao.entitydao.AuthorDAOTest" time="0.536"/>
  <testcase name="testAdd_02" classname="com.epam.lab.beseda.dao.entitydao.AuthorDAOTest" time="0.555"/>
  <testcase name="testDelete" classname="com.epam.lab.beseda.dao.entitydao.AuthorDAOTest" time="0.753"/>
  <testcase name="testGetNewsId" classname="com.epam.lab.beseda.dao.entitydao.AuthorDAOTest" time="0.359"/>
  <testcase name="testGetAll" classname="com.epam.lab.beseda.dao.entitydao.AuthorDAOTest" time="0.415"/>
  <testcase name="testUpdate" classname="com.epam.lab.beseda.dao.entitydao.AuthorDAOTest" time="0.715"/>
  <testcase name="testAdd" classname="com.epam.lab.beseda.dao.entitydao.NewsDAOTest" time="0.444"/>
  <testcase name="testAddNewsTag" classname="com.epam.lab.beseda.dao.entitydao.NewsDAOTest" time="0.669"/>
  <testcase name="testDeleteNewsTag" classname="com.epam.lab.beseda.dao.entitydao.NewsDAOTest" time="0.797"/>
  <testcase name="testAddAuthorId" classname="com.epam.lab.beseda.dao.entitydao.NewsDAOTest" time="0.636"/>
  <testcase name="testGetEntityById_noSuchEntity" classname="com.epam.lab.beseda.dao.entitydao.NewsDAOTest" time="0.35"/>
  <testcase name="testGetEntityById" classname="com.epam.lab.beseda.dao.entitydao.NewsDAOTest" time="0.448"/>
  <testcase name="testGetNewsTagsNames" classname="com.epam.lab.beseda.dao.entitydao.NewsDAOTest" time="0.734"/>
  <testcase name="testDelete" classname="com.epam.lab.beseda.dao.entitydao.NewsDAOTest" time="0.734"/>
  <testcase name="testGetNewsId" classname="com.epam.lab.beseda.dao.entitydao.NewsDAOTest" time="0.371"/>
  <testcase name="testGetAll" classname="com.epam.lab.beseda.dao.entitydao.NewsDAOTest" time="0.353"/>
  <testcase name="testUpdate" classname="com.epam.lab.beseda.dao.entitydao.NewsDAOTest" time="0.622"/>
  <testcase name="testGetNewsNumber" classname="com.epam.lab.beseda.dao.entitydao.NewsDAOTest" time="0.348"/>
  <testcase name="testSetGetRole" classname="com.epam.lab.beseda.dao.entitydao.UserDAOTest" time="0.548"/>
  <testcase name="getUserBylogin_noSuchUser" classname="com.epam.lab.beseda.dao.entitydao.UserDAOTest" time="0.442"/>
  <testcase name="getUserByLoginAndPassword_noSuchUser" classname="com.epam.lab.beseda.dao.entitydao.UserDAOTest" time="0.434"/>
  <testcase name="testAdd" classname="com.epam.lab.beseda.dao.entitydao.UserDAOTest" time="0.514"/>
  <testcase name="getUserBylogin" classname="com.epam.lab.beseda.dao.entitydao.UserDAOTest" time="0.473"/>
  <testcase name="testGetEntityById" classname="com.epam.lab.beseda.dao.entitydao.UserDAOTest" time="0.441"/>
  <testcase name="getUserByLoginAndPassword" classname="com.epam.lab.beseda.dao.entitydao.UserDAOTest" time="0.442"/>
  <testcase name="testDelete" classname="com.epam.lab.beseda.dao.entitydao.UserDAOTest" time="0.641"/>
  <testcase name="testGetAll" classname="com.epam.lab.beseda.dao.entitydao.UserDAOTest" time="0.361"/>
  <testcase name="testUpdate" classname="com.epam.lab.beseda.dao.entitydao.UserDAOTest" time="0.623"/>
  <testcase name="testGetEntityById_noSuchUser" classname="com.epam.lab.beseda.dao.entitydao.UserDAOTest" time="0.354"/>
  <testcase name="testGetEntityById_noSuchEntity" classname="com.epam.lab.beseda.dao.entitydao.RoleDAOTest" time="0.342"/>
  <testcase name="testGetEntityById" classname="com.epam.lab.beseda.dao.entitydao.RoleDAOTest" time="0.525"/>
  <testcase name="testGetEntityByName_noSuchName" classname="com.epam.lab.beseda.dao.entitydao.RoleDAOTest" time="0.703"/>
  <testcase name="testAdd_01" classname="com.epam.lab.beseda.dao.entitydao.RoleDAOTest" time="0.548"/>
  <testcase name="testAdd_02" classname="com.epam.lab.beseda.dao.entitydao.RoleDAOTest" time="0.54"/>
  <testcase name="testDelete" classname="com.epam.lab.beseda.dao.entitydao.RoleDAOTest" time="0.743"/>
  <testcase name="testGetAll" classname="com.epam.lab.beseda.dao.entitydao.RoleDAOTest" time="0.348"/>
  <testcase name="testGetEntityByName" classname="com.epam.lab.beseda.dao.entitydao.RoleDAOTest" time="0.641"/>
  <testcase name="testUpdate" classname="com.epam.lab.beseda.dao.entitydao.RoleDAOTest" time="0.71"/>
  <testcase name="testGetEntityById_noSuchEntity" classname="com.epam.lab.beseda.dao.entitydao.TagDAOTest" time="0.341"/>
  <testcase name="testGetEntityById" classname="com.epam.lab.beseda.dao.entitydao.TagDAOTest" time="0.561"/>
  <testcase name="testAdd_01" classname="com.epam.lab.beseda.dao.entitydao.TagDAOTest" time="0.544"/>
  <testcase name="testAdd_02" classname="com.epam.lab.beseda.dao.entitydao.TagDAOTest" time="0.527"/>
  <testcase name="testDelete" classname="com.epam.lab.beseda.dao.entitydao.TagDAOTest" time="0.731"/>
  <testcase name="testGetAll" classname="com.epam.lab.beseda.dao.entitydao.TagDAOTest" time="0.354"/>
  <testcase name="testGetEntityByName" classname="com.epam.lab.beseda.dao.entitydao.TagDAOTest" time="0.669"/>
  <testcase name="testUpdate" classname="com.epam.lab.beseda.dao.entitydao.TagDAOTest" time="0.748"/>
</testsuite>